2023-08-06 04:10:10.324280 - Initialized conversion of CBT455
2023-08-06 04:10:11.290047 - Received CBT.V505.FILE455.PDS from FILE455.XMI 
2023-08-06 04:10:11.292565 - Found $$$#DATE.txt (text/plain) in CBT.V505.FILE455.PDS, moved to PDS/$$$#DATE
2023-08-06 04:10:11.293912 - Found $$$DOC.txt (text/plain) in CBT.V505.FILE455.PDS, moved to PDS/$$$DOC
2023-08-06 04:10:11.294934 - Found $$$PROCS.jcl (text/plain) in CBT.V505.FILE455.PDS, moved to PDS/$$$PROCS
2023-08-06 04:10:11.295812 - Found #DOC#.txt (text/plain) in CBT.V505.FILE455.PDS, moved to PDS/#DOC#
2023-08-06 04:10:11.296797 - Found #INFO#.txt (text/plain) in CBT.V505.FILE455.PDS, moved to PDS/#INFO#
2023-08-06 04:10:11.297759 - Found @FILE455.txt (text/plain) in CBT.V505.FILE455.PDS, moved to PDS/@FILE455
2023-08-06 04:10:11.298917 - Found AGENDA.txt (text/plain) in CBT.V505.FILE455.PDS, moved to PDS/AGENDA
2023-08-06 04:10:11.299872 - Found AGENDA$.jcl (text/plain) in CBT.V505.FILE455.PDS, moved to PDS/AGENDA$
2023-08-06 04:10:11.300753 - Found AGENDAH.txt (text/plain) in CBT.V505.FILE455.PDS, moved to PDS/AGENDAH
2023-08-06 04:10:11.301716 - Found ANTPCHK.txt (text/plain) in CBT.V505.FILE455.PDS, moved to PDS/ANTPCHK
2023-08-06 04:10:11.302692 - Found ANTPCMM.txt (text/plain) in CBT.V505.FILE455.PDS, moved to PDS/ANTPCMM
2023-08-06 04:10:11.303551 - Found ANTPCTB.txt (text/plain) in CBT.V505.FILE455.PDS, moved to PDS/ANTPCTB
2023-08-06 04:10:11.304510 - Found ARITH.txt (text/plain) in CBT.V505.FILE455.PDS, moved to PDS/ARITH
2023-08-06 04:10:11.305381 - Found ARITH$.jcl (text/plain) in CBT.V505.FILE455.PDS, moved to PDS/ARITH$
2023-08-06 04:10:11.306356 - Found ARITH@.txt (text/plain) in CBT.V505.FILE455.PDS, moved to PDS/ARITH@
2023-08-06 04:10:11.307232 - Found ARITHH.txt (text/plain) in CBT.V505.FILE455.PDS, moved to PDS/ARITHH
2023-08-06 04:10:11.308179 - Found AUTOCI.txt (text/plain) in CBT.V505.FILE455.PDS, moved to PDS/AUTOCI
2023-08-06 04:10:11.309063 - Found AUTOCI$.jcl (text/plain) in CBT.V505.FILE455.PDS, moved to PDS/AUTOCI$
2023-08-06 04:10:11.310008 - Found AUTOCI@.txt (text/plain) in CBT.V505.FILE455.PDS, moved to PDS/AUTOCI@
2023-08-06 04:10:11.310923 - Found AUTOTS.txt (text/plain) in CBT.V505.FILE455.PDS, moved to PDS/AUTOTS
2023-08-06 04:10:11.311889 - Found AUTOTS1.txt (text/plain) in CBT.V505.FILE455.PDS, moved to PDS/AUTOTS1
2023-08-06 04:10:11.312785 - Found AUTOTS2.txt (text/plain) in CBT.V505.FILE455.PDS, moved to PDS/AUTOTS2
2023-08-06 04:10:11.313771 - Found AUTOTS3.txt (text/plain) in CBT.V505.FILE455.PDS, moved to PDS/AUTOTS3
2023-08-06 04:10:11.314737 - Found AUTOTS4.txt (text/plain) in CBT.V505.FILE455.PDS, moved to PDS/AUTOTS4
2023-08-06 04:10:11.315648 - Found BRODSCA$.jcl (text/plain) in CBT.V505.FILE455.PDS, moved to PDS/BRODSCA$
2023-08-06 04:10:11.316511 - Found BRODSCA@.txt (text/plain) in CBT.V505.FILE455.PDS, moved to PDS/BRODSCA@
2023-08-06 04:10:11.317414 - Found BRODSCAN.txt (text/plain) in CBT.V505.FILE455.PDS, moved to PDS/BRODSCAN
2023-08-06 04:10:11.317425 - Found CMPRSEQ.bin containing application/octet-stream, moved to PDS/CMPRSEQ
2023-08-06 04:10:11.319293 - Found CMPRSEQ$.jcl (text/plain) in CBT.V505.FILE455.PDS, moved to PDS/CMPRSEQ$
2023-08-06 04:10:11.320278 - Found CMPRSEQ@.txt (text/plain) in CBT.V505.FILE455.PDS, moved to PDS/CMPRSEQ@
2023-08-06 04:10:11.320287 - Found CMPRSMAC.bin containing application/octet-stream, moved to PDS/CMPRSMAC
2023-08-06 04:10:11.322408 - Found CONAN.txt (text/plain) in CBT.V505.FILE455.PDS, moved to PDS/CONAN
2023-08-06 04:10:11.323344 - Found CONAN$.jcl (text/plain) in CBT.V505.FILE455.PDS, moved to PDS/CONAN$
2023-08-06 04:10:11.324218 - Found CONAN@.txt (text/plain) in CBT.V505.FILE455.PDS, moved to PDS/CONAN@
2023-08-06 04:10:11.325118 - Found DAHANDB$.jcl (text/plain) in CBT.V505.FILE455.PDS, moved to PDS/DAHANDB$
2023-08-06 04:10:11.326090 - Found DAHANDB@.txt (text/plain) in CBT.V505.FILE455.PDS, moved to PDS/DAHANDB@
2023-08-06 04:10:11.327221 - Found DAHANDBK.txt (text/plain) in CBT.V505.FILE455.PDS, moved to PDS/DAHANDBK
2023-08-06 04:10:11.328373 - Found DHC.txt (text/plain) in CBT.V505.FILE455.PDS, moved to PDS/DHC
2023-08-06 04:10:11.329488 - Found DHC$.jcl (text/plain) in CBT.V505.FILE455.PDS, moved to PDS/DHC$
2023-08-06 04:10:11.330391 - Found DHC@.txt (text/plain) in CBT.V505.FILE455.PDS, moved to PDS/DHC@
2023-08-06 04:10:11.331424 - Found DHCH.txt (text/plain) in CBT.V505.FILE455.PDS, moved to PDS/DHCH
2023-08-06 04:10:11.332385 - Found ENQCNF.txt (text/plain) in CBT.V505.FILE455.PDS, moved to PDS/ENQCNF
2023-08-06 04:10:11.333364 - Found ENQRSV.txt (text/plain) in CBT.V505.FILE455.PDS, moved to PDS/ENQRSV
2023-08-06 04:10:11.334355 - Found IEBANTP.txt (text/plain) in CBT.V505.FILE455.PDS, moved to PDS/IEBANTP
2023-08-06 04:10:11.335317 - Found IEBANTP$.jcl (text/plain) in CBT.V505.FILE455.PDS, moved to PDS/IEBANTP$
2023-08-06 04:10:11.336262 - Found IEBANTP@.txt (text/plain) in CBT.V505.FILE455.PDS, moved to PDS/IEBANTP@
2023-08-06 04:10:11.337304 - Found IMSLDS.txt (text/plain) in CBT.V505.FILE455.PDS, moved to PDS/IMSLDS
2023-08-06 04:10:11.338226 - Found IMSLDS$.jcl (text/plain) in CBT.V505.FILE455.PDS, moved to PDS/IMSLDS$
2023-08-06 04:10:11.339178 - Found IMSLDS@.txt (text/plain) in CBT.V505.FILE455.PDS, moved to PDS/IMSLDS@
2023-08-06 04:10:11.340077 - Found IMSLDSH.txt (text/plain) in CBT.V505.FILE455.PDS, moved to PDS/IMSLDSH
2023-08-06 04:10:11.340977 - Found IMSLDSP.txt (text/plain) in CBT.V505.FILE455.PDS, moved to PDS/IMSLDSP
2023-08-06 04:10:11.341900 - Found IMSLOG00.txt (text/plain) in CBT.V505.FILE455.PDS, moved to PDS/IMSLOG00
2023-08-06 04:10:11.342861 - Found IOPACK.txt (text/plain) in CBT.V505.FILE455.PDS, moved to PDS/IOPACK
2023-08-06 04:10:11.343811 - Found IOPACK$.jcl (text/plain) in CBT.V505.FILE455.PDS, moved to PDS/IOPACK$
2023-08-06 04:10:11.344667 - Found IOPACK@.txt (text/plain) in CBT.V505.FILE455.PDS, moved to PDS/IOPACK@
2023-08-06 04:10:11.345523 - Found RECOVER.txt (text/plain) in CBT.V505.FILE455.PDS, moved to PDS/RECOVER
2023-08-06 04:10:11.346338 - Found RECOVER$.jcl (text/plain) in CBT.V505.FILE455.PDS, moved to PDS/RECOVER$
2023-08-06 04:10:11.347170 - Found RECOVER@.txt (text/plain) in CBT.V505.FILE455.PDS, moved to PDS/RECOVER@
2023-08-06 04:10:11.348087 - Found SEE.txt (text/plain) in CBT.V505.FILE455.PDS, moved to PDS/SEE
2023-08-06 04:10:11.348951 - Found SEE$.jcl (text/plain) in CBT.V505.FILE455.PDS, moved to PDS/SEE$
2023-08-06 04:10:11.349832 - Found SENDRTN.txt (text/plain) in CBT.V505.FILE455.PDS, moved to PDS/SENDRTN
2023-08-06 04:10:11.350786 - Found SETCLOC$.jcl (text/plain) in CBT.V505.FILE455.PDS, moved to PDS/SETCLOC$
2023-08-06 04:10:11.351677 - Found SETCLOC@.txt (text/plain) in CBT.V505.FILE455.PDS, moved to PDS/SETCLOC@
2023-08-06 04:10:11.352652 - Found SETCLOCK.txt (text/plain) in CBT.V505.FILE455.PDS, moved to PDS/SETCLOCK
2023-08-06 04:10:11.353488 - Found SETCLOCP.txt (text/plain) in CBT.V505.FILE455.PDS, moved to PDS/SETCLOCP
2023-08-06 04:10:11.354530 - Found SHOWMVS.txt (text/plain) in CBT.V505.FILE455.PDS, moved to PDS/SHOWMVS
2023-08-06 04:10:11.355329 - Found SHOWMVS$.jcl (text/plain) in CBT.V505.FILE455.PDS, moved to PDS/SHOWMVS$
2023-08-06 04:10:11.356157 - Found SHOWMVS@.txt (text/plain) in CBT.V505.FILE455.PDS, moved to PDS/SHOWMVS@
2023-08-06 04:10:11.356990 - Found SHOWMVSH.txt (text/plain) in CBT.V505.FILE455.PDS, moved to PDS/SHOWMVSH
2023-08-06 04:10:11.357866 - Found STATDS.txt (text/plain) in CBT.V505.FILE455.PDS, moved to PDS/STATDS
2023-08-06 04:10:11.358657 - Found STATDS$.jcl (text/plain) in CBT.V505.FILE455.PDS, moved to PDS/STATDS$
2023-08-06 04:10:11.359460 - Found STATDS@.txt (text/plain) in CBT.V505.FILE455.PDS, moved to PDS/STATDS@
2023-08-06 04:10:11.360420 - Found STATDSH.txt (text/plain) in CBT.V505.FILE455.PDS, moved to PDS/STATDSH
2023-08-06 04:10:11.361399 - Found STATDSP.txt (text/plain) in CBT.V505.FILE455.PDS, moved to PDS/STATDSP
2023-08-06 04:10:11.362244 - Found STATDST.txt (text/plain) in CBT.V505.FILE455.PDS, moved to PDS/STATDST
2023-08-06 04:10:11.363195 - Found STRING.txt (text/plain) in CBT.V505.FILE455.PDS, moved to PDS/STRING
2023-08-06 04:10:11.364144 - Found VCOREZA$.jcl (text/plain) in CBT.V505.FILE455.PDS, moved to PDS/VCOREZA$
2023-08-06 04:10:11.365032 - Found VCOREZA@.txt (text/plain) in CBT.V505.FILE455.PDS, moved to PDS/VCOREZA@
2023-08-06 04:10:11.365979 - Found VCOREZAH.txt (text/plain) in CBT.V505.FILE455.PDS, moved to PDS/VCOREZAH
2023-08-06 04:10:11.367056 - Found VCOREZAP.txt (text/plain) in CBT.V505.FILE455.PDS, moved to PDS/VCOREZAP
2023-08-06 04:10:11.367878 - Found VSM$.jcl (text/plain) in CBT.V505.FILE455.PDS, moved to PDS/VSM$
2023-08-06 04:10:11.368718 - Found VSM@.txt (text/plain) in CBT.V505.FILE455.PDS, moved to PDS/VSM@
2023-08-06 04:10:11.369627 - Found VSMDOC.txt (text/plain) in CBT.V505.FILE455.PDS, moved to PDS/VSMDOC
2023-08-06 04:10:11.370549 - Found VSMHELP.txt (text/plain) in CBT.V505.FILE455.PDS, moved to PDS/VSMHELP
2023-08-06 04:10:11.371452 - Found VSMMAC.txt (text/plain) in CBT.V505.FILE455.PDS, moved to PDS/VSMMAC
2023-08-06 04:10:11.372319 - Found VSM00000.txt (text/plain) in CBT.V505.FILE455.PDS, moved to PDS/VSM00000
2023-08-06 04:10:11.373367 - Found VSM00100.txt (text/plain) in CBT.V505.FILE455.PDS, moved to PDS/VSM00100
2023-08-06 04:10:11.374287 - Found VSM00200.txt (text/plain) in CBT.V505.FILE455.PDS, moved to PDS/VSM00200
2023-08-06 04:10:11.375368 - Found VSM00300.txt (text/plain) in CBT.V505.FILE455.PDS, moved to PDS/VSM00300
2023-08-06 04:10:11.376400 - Found VSM77000.txt (text/plain) in CBT.V505.FILE455.PDS, moved to PDS/VSM77000
2023-08-06 04:10:11.377446 - Found VSM88000.txt (text/plain) in CBT.V505.FILE455.PDS, moved to PDS/VSM88000
2023-08-06 04:10:11.378442 - Found VSM99000.txt (text/plain) in CBT.V505.FILE455.PDS, moved to PDS/VSM99000
